
> shelfzone-web-temp@0.1.0 dev
> next dev

▲ Next.js 16.1.6 (Turbopack)
- Local:         http://localhost:3000
- Network:       http://157.10.98.227:3000
- Environments: .env.local

✓ Starting...
⚠ The "middleware" file convention is deprecated. Please use "proxy" instead. Learn more: https://nextjs.org/docs/messages/middleware-to-proxy
✓ Ready in 1046ms
 GET /dashboard/agents/budgets 200 in 1476ms (compile: 337ms, proxy.ts: 70ms, render: 1069ms)
 GET /dashboard/agents 200 in 1403ms (compile: 640ms, proxy.ts: 5ms, render: 757ms)
 GET /dashboard/agents/command 200 in 1408ms (compile: 705ms, proxy.ts: 7ms, render: 696ms)
 GET / 200 in 101ms (compile: 23ms, proxy.ts: 7ms, render: 71ms)
 GET /dashboard/agents 200 in 118ms (compile: 5ms, proxy.ts: 5ms, render: 108ms)
 GET /dashboard/agents/agent_frontendbot_7a93b09d5fe6 200 in 559ms (compile: 512ms, proxy.ts: 6ms, render: 41ms)
 GET /dashboard/agents 200 in 29ms (compile: 4ms, proxy.ts: 5ms, render: 21ms)
 GET /dashboard/agents/a0000001-0001-4000-8000-000000000001 200 in 96ms (compile: 59ms, proxy.ts: 4ms, render: 33ms)
 GET /dashboard 200 in 54ms (compile: 29ms, proxy.ts: 6ms, render: 19ms)
✓ Compiled in 603ms
 GET /dashboard 200 in 92ms (compile: 4ms, proxy.ts: 4ms, render: 84ms)
 GET /dashboard/agents/command 200 in 47ms (compile: 4ms, proxy.ts: 5ms, render: 38ms)
 GET /dashboard/agents 200 in 28ms (compile: 5ms, proxy.ts: 4ms, render: 19ms)
 GET /dashboard/agents/a0000001-0001-4000-8000-000000000001 200 in 225ms (compile: 149ms, proxy.ts: 4ms, render: 73ms)
 GET /dashboard/agents 200 in 21ms (compile: 3ms, proxy.ts: 4ms, render: 14ms)
 GET /dashboard 200 in 20ms (compile: 4ms, proxy.ts: 3ms, render: 13ms)
 GET /dashboard/agents/commands 200 in 75ms (compile: 34ms, proxy.ts: 3ms, render: 37ms)
 GET /dashboard/agents/command 200 in 26ms (compile: 3ms, proxy.ts: 4ms, render: 20ms)
 GET /dashboard/agents 200 in 22ms (compile: 3ms, proxy.ts: 4ms, render: 15ms)
 GET /dashboard/agents/command 200 in 29ms (compile: 4ms, proxy.ts: 4ms, render: 22ms)
 GET /dashboard/agents/command 200 in 110ms (compile: 3ms, proxy.ts: 4ms, render: 103ms)
 GET /dashboard/agents/command 200 in 104ms (compile: 3ms, proxy.ts: 3ms, render: 98ms)
✓ Compiled in 98ms
✓ Compiled in 68ms
 GET /dashboard/agents/command 200 in 844ms (compile: 95ms, proxy.ts: 4ms, render: 745ms)
✓ Compiled in 81ms
 GET /dashboard/agents/command 200 in 836ms (compile: 96ms, proxy.ts: 4ms, render: 736ms)
 GET /dashboard/agent-trace 200 in 88ms (compile: 55ms, proxy.ts: 4ms, render: 29ms)
 GET /dashboard/agents 200 in 34ms (compile: 4ms, proxy.ts: 3ms, render: 26ms)
 GET /dashboard/agents/command 200 in 30ms (compile: 4ms, proxy.ts: 4ms, render: 21ms)
 GET /dashboard/agents/command 200 in 121ms (compile: 4ms, proxy.ts: 5ms, render: 112ms)
 GET /dashboard/agents/command 200 in 103ms (compile: 3ms, proxy.ts: 4ms, render: 95ms)
✓ Compiled in 78ms
✓ Compiled in 158ms
✓ Compiled in 68ms
✓ Compiled in 56ms
✓ Compiled in 160ms
